<?xml version="1.0" encoding="UTF-8"?>
<!-- Generated by org.testng.reporters.JUnitXMLReporter -->
<testsuite ignored="0" hostname="DESKTOP-M0OEO54" failures="1" tests="1" name="Test" time="6.158" errors="0" timestamp="2026-09-21T18:20:06 IST">
  <testcase classname="com.example.tablecompare.TableComparisonTest" name="compareCustomerTables" time="1.857">
    <failure type="java.lang.AssertionError" message="The following asserts failed:
	Customer ID C105 | Column Total Amount -&amp;gt; Amount expected [1425.75] but found [1500.75]">
      <![CDATA[java.lang.AssertionError: The following asserts failed:
Customer ID C105 | Column Total Amount -> Amount expected [1425.75] but found [1500.75]
at com.example.tablecompare.utils.TableComparator.compareTables(TableComparator.java:77)
at com.example.tablecompare.TableComparisonTest.compareCustomerTables(TableComparisonTest.java:31)
at java.base/java.util.ArrayList.forEach(ArrayList.java:1596)
... Removed 27 stack frames]]>
    </failure>
  </testcase> <!-- compareCustomerTables -->
</testsuite> <!-- Test -->
