<?xml version="1.0" encoding="UTF-8"?>
<testng-results ignored="0" total="1" passed="0" failed="1" skipped="0">
  <reporter-output>
  </reporter-output>
  <suite started-at="2026-09-21T18:19:59 IST" name="Suite" finished-at="2026-09-21T18:20:06 IST" duration-ms="6158">
    <groups>
    </groups>
    <test started-at="2026-09-21T18:19:59 IST" name="Test" finished-at="2026-09-21T18:20:06 IST" duration-ms="6158">
      <class name="com.example.tablecompare.TableComparisonTest">
        <test-method is-config="true" signature="setUp()[pri:0, instance:com.example.tablecompare.TableComparisonTest@5fe94a96]" started-at="2026-09-21T18:19:59 IST" name="setUp" finished-at="2026-09-21T18:20:03 IST" duration-ms="3871" status="PASS">
          <reporter-output>
          </reporter-output>
        </test-method> <!-- setUp -->
        <test-method signature="compareCustomerTables()[pri:0, instance:com.example.tablecompare.TableComparisonTest@5fe94a96]" started-at="2026-09-21T18:20:03 IST" name="compareCustomerTables" finished-at="2026-09-21T18:20:05 IST" duration-ms="1857" status="FAIL">
          <exception class="java.lang.AssertionError">
            <message>
              <![CDATA[The following asserts failed:
Customer ID C105 | Column Total Amount -> Amount expected [1425.75] but found [1500.75]]]>
            </message>
            <full-stacktrace>
              <![CDATA[java.lang.AssertionError: The following asserts failed:
Customer ID C105 | Column Total Amount -> Amount expected [1425.75] but found [1500.75]
at org.testng.asserts.SoftAssert.assertAll(SoftAssert.java:46)
at org.testng.asserts.SoftAssert.assertAll(SoftAssert.java:30)
at com.example.tablecompare.utils.TableComparator.compareTables(TableComparator.java:77)
at com.example.tablecompare.TableComparisonTest.compareCustomerTables(TableComparisonTest.java:31)
at java.base/jdk.internal.reflect.DirectMethodHandleAccessor.invoke(DirectMethodHandleAccessor.java:103)
at java.base/java.lang.reflect.Method.invoke(Method.java:580)
at org.testng.internal.invokers.MethodInvocationHelper.invokeMethod(MethodInvocationHelper.java:141)
at org.testng.internal.invokers.TestInvoker.invokeMethod(TestInvoker.java:687)
at org.testng.internal.invokers.TestInvoker.invokeTestMethod(TestInvoker.java:230)
at org.testng.internal.invokers.MethodRunner.runInSequence(MethodRunner.java:63)
at org.testng.internal.invokers.TestInvoker$MethodInvocationAgent.invoke(TestInvoker.java:995)
at org.testng.internal.invokers.TestInvoker.invokeTestMethods(TestInvoker.java:203)
at org.testng.internal.invokers.TestMethodWorker.invokeTestMethods(TestMethodWorker.java:154)
at org.testng.internal.invokers.TestMethodWorker.run(TestMethodWorker.java:134)
at java.base/java.util.ArrayList.forEach(ArrayList.java:1596)
at org.testng.TestRunner.privateRun(TestRunner.java:741)
at org.testng.TestRunner.run(TestRunner.java:616)
at org.testng.SuiteRunner.runTest(SuiteRunner.java:421)
at org.testng.SuiteRunner.runSequentially(SuiteRunner.java:413)
at org.testng.SuiteRunner.privateRun(SuiteRunner.java:373)
at org.testng.SuiteRunner.run(SuiteRunner.java:312)
at org.testng.SuiteRunnerWorker.runSuite(SuiteRunnerWorker.java:52)
at org.testng.SuiteRunnerWorker.run(SuiteRunnerWorker.java:95)
at org.testng.TestNG.runSuitesSequentially(TestNG.java:1274)
at org.testng.TestNG.runSuitesLocally(TestNG.java:1208)
at org.testng.TestNG.runSuites(TestNG.java:1112)
at org.testng.TestNG.run(TestNG.java:1079)
at org.testng.remote.AbstractRemoteTestNG.run(AbstractRemoteTestNG.java:115)
at org.testng.remote.RemoteTestNG.initAndRun(RemoteTestNG.java:293)
at org.testng.remote.RemoteTestNG.main(RemoteTestNG.java:91)
]]>
            </full-stacktrace>
          </exception> <!-- java.lang.AssertionError -->
          <reporter-output>
          </reporter-output>
        </test-method> <!-- compareCustomerTables -->
        <test-method is-config="true" signature="tearDown()[pri:0, instance:com.example.tablecompare.TableComparisonTest@5fe94a96]" started-at="2026-09-21T18:20:05 IST" name="tearDown" finished-at="2026-09-21T18:20:06 IST" duration-ms="337" status="PASS">
          <reporter-output>
          </reporter-output>
        </test-method> <!-- tearDown -->
      </class> <!-- com.example.tablecompare.TableComparisonTest -->
    </test> <!-- Test -->
  </suite> <!-- Suite -->
</testng-results>
